c:\users\kooja\onedrive\문서\github\gf-koojina\gf20191091\debug\vc142.pdb
c:\users\kooja\onedrive\문서\github\gf-koojina\gf20191091\debug\vc142.idb
c:\users\kooja\onedrive\문서\github\gf-koojina\gf20191091\debug\gf20191091.obj
c:\users\kooja\onedrive\문서\github\gf-koojina\gf20191091\debug\main.obj
c:\users\kooja\downloads\gf-koojina-master\gf-koojina-master\gf20191091\debug\vc142.pdb
c:\users\kooja\downloads\gf-koojina-master\gf-koojina-master\gf20191091\debug\vc142.idb
c:\users\kooja\downloads\gf-koojina-master\gf-koojina-master\gf20191091\debug\main.obj
c:\users\kooja\downloads\gf-koojina-master\gf-koojina-master\gf20191091\debug\gf20191091.obj
c:\users\kooja\onedrive\문서\github\gf-koojina\gf20191091\debug\gf20191091.ilk
c:\users\kooja\onedrive\문서\github\gf-koojina\gf20191091\debug\gf20191091.exe
c:\users\kooja\onedrive\문서\github\gf-koojina\gf20191091\debug\gf20191091.pdb
c:\users\kooja\onedrive\문서\github\gf-koojina\gf20191091\debug\game-desktop-b5hg2pr.obj
c:\users\kooja\onedrive\문서\github\gf-koojina\gf20191091\debug\gf20191091.nativecodeanalysis.xml
c:\users\kooja\onedrive\문서\github\gf-koojina\gf20191091\debug\main.nativecodeanalysis.xml
c:\users\kooja\onedrive\문서\github\gf-koojina\gf20191091\debug\gf20191091.tlog\cl.command.1-desktop-b5hg2pr.tlog
c:\users\kooja\onedrive\문서\github\gf-koojina\gf20191091\debug\gf20191091.tlog\cl.command.1.tlog
c:\users\kooja\onedrive\문서\github\gf-koojina\gf20191091\debug\gf20191091.tlog\cl.read.1-desktop-b5hg2pr.tlog
c:\users\kooja\onedrive\문서\github\gf-koojina\gf20191091\debug\gf20191091.tlog\cl.write.1-desktop-b5hg2pr.tlog
c:\users\kooja\onedrive\문서\github\gf-koojina\gf20191091\debug\gf20191091.tlog\link.command.1.tlog
c:\users\kooja\onedrive\문서\github\gf-koojina\gf20191091\debug\gf20191091.tlog\link.read.1-desktop-b5hg2pr.tlog
c:\users\kooja\onedrive\문서\github\gf-koojina\gf20191091\debug\gf20191091.tlog\link.write.1-desktop-b5hg2pr.tlog
